<?xml version="1.0" encoding="UTF-8"?>
<testng-results total="3" passed="3" failed="0" skipped="0">
  <reporter-output>
  </reporter-output>
  <suite started-at="2024-01-18T19:23:29Z" name="Surefire suite" finished-at="2024-01-18T19:23:30Z" duration-ms="333">
    <groups>
    </groups>
    <test started-at="2024-01-18T19:23:29Z" name="Surefire test" finished-at="2024-01-18T19:23:30Z" duration-ms="333">
      <class name="com.petSmile.DuegnoTest">
        <test-method signature="f()" started-at="2024-01-18T19:23:30Z" name="f" finished-at="2024-01-18T19:23:30Z" duration-ms="38" status="PASS">
        </test-method>
      </class>
      <class name="com.petSmile.MascotaTest">
        <test-method signature="f()" started-at="2024-01-18T19:23:30Z" name="f" finished-at="2024-01-18T19:23:30Z" duration-ms="7" status="PASS">
        </test-method>
      </class>
      <class name="com.petSmile.AgendaTest">
        <test-method signature="f()" started-at="2024-01-18T19:23:29Z" name="f" finished-at="2024-01-18T19:23:30Z" duration-ms="281" status="PASS">
        </test-method>
      </class>
    </test>
  </suite>
</testng-results>
