<?xml version="1.0" encoding="UTF-8"?>
<testng-results ignored="0" total="1" passed="1" failed="0" skipped="0">
  <reporter-output>
  </reporter-output>
  <suite started-at="2024-01-18T17:29:26 CLST" name="Default suite" finished-at="2024-01-18T17:29:26 CLST" duration-ms="282">
    <groups>
    </groups>
    <test started-at="2024-01-18T17:29:26 CLST" name="Default test" finished-at="2024-01-18T17:29:26 CLST" duration-ms="282">
      <class name="com.petSmile.AgendaTest">
        <test-method signature="f()[pri:0, instance:com.petSmile.AgendaTest@9225652]" started-at="2024-01-18T17:29:26 CLST" name="f" finished-at="2024-01-18T17:29:26 CLST" duration-ms="238" status="PASS">
          <reporter-output>
          </reporter-output>
        </test-method> <!-- f -->
      </class> <!-- com.petSmile.AgendaTest -->
    </test> <!-- Default test -->
  </suite> <!-- Default suite -->
</testng-results>
